<?xml version="1.0" encoding="UTF-8"?>
<!-- Generated by org.testng.reporters.JUnitXMLReporter -->
<testsuite ignored="8" hostname="LTIN293721" failures="0" tests="18" name="Test" time="12.356" errors="0" timestamp="2024-02-08T15:06:28 IST">
  <testcase classname="testBase.BaseClass" name="@BeforeTest setup" time="11.741">
    <failure type="org.openqa.selenium.NoSuchWindowException" message="no such window: target window already closed
from unknown error: web view not found
  (Session info: MicrosoftEdge=121.0.2277.106)
Build info: version: &amp;apos;4.16.1&amp;apos;, revision: &amp;apos;9b4c83354e&amp;apos;
System info: os.name: &amp;apos;Windows 11&amp;apos;, os.arch: &amp;apos;amd64&amp;apos;, os.version: &amp;apos;10.0&amp;apos;, java.version: &amp;apos;17.0.10&amp;apos;
Driver info: org.openqa.selenium.edge.EdgeDriver
Command: [d0c9e93df6f55d4442a433f3c54ce541, maximizeCurrentWindow {}]
Capabilities {acceptInsecureCerts: false, browserName: MicrosoftEdge, browserVersion: 121.0.2277.106, fedcm:accounts: true, ms:edgeOptions: {debuggerAddress: localhost:64483}, msedge: {msedgedriverVersion: 121.0.2277.106 (3a400d91a81..., userDataDir: C:\Users\2303457\AppData\Lo...}, networkConnectionEnabled: false, pageLoadStrategy: normal, platformName: windows, proxy: Proxy(), se:cdp: ws://localhost:64483/devtoo..., se:cdpVersion: 121.0.2277.106, setWindowRect: true, strictFileInteractability: false, timeouts: {implicit: 0, pageLoad: 300000, script: 30000}, unhandledPromptBehavior: dismiss and notify, webauthn:extension:credBlob: true, webauthn:extension:largeBlob: true, webauthn:extension:minPinLength: true, webauthn:extension:prf: true, webauthn:virtualAuthenticators: true}
Session ID: d0c9e93df6f55d4442a433f3c54ce541">
      <![CDATA[org.openqa.selenium.NoSuchWindowException: no such window: target window already closed
from unknown error: web view not found
  (Session info: MicrosoftEdge=121.0.2277.106)
Build info: version: '4.16.1', revision: '9b4c83354e'
System info: os.name: 'Windows 11', os.arch: 'amd64', os.version: '10.0', java.version: '17.0.10'
Driver info: org.openqa.selenium.edge.EdgeDriver
Command: [d0c9e93df6f55d4442a433f3c54ce541, maximizeCurrentWindow {}]
Capabilities {acceptInsecureCerts: false, browserName: MicrosoftEdge, browserVersion: 121.0.2277.106, fedcm:accounts: true, ms:edgeOptions: {debuggerAddress: localhost:64483}, msedge: {msedgedriverVersion: 121.0.2277.106 (3a400d91a81..., userDataDir: C:\Users\2303457\AppData\Lo...}, networkConnectionEnabled: false, pageLoadStrategy: normal, platformName: windows, proxy: Proxy(), se:cdp: ws://localhost:64483/devtoo..., se:cdpVersion: 121.0.2277.106, setWindowRect: true, strictFileInteractability: false, timeouts: {implicit: 0, pageLoad: 300000, script: 30000}, unhandledPromptBehavior: dismiss and notify, webauthn:extension:credBlob: true, webauthn:extension:largeBlob: true, webauthn:extension:minPinLength: true, webauthn:extension:prf: true, webauthn:virtualAuthenticators: true}
Session ID: d0c9e93df6f55d4442a433f3c54ce541
at org.openqa.selenium.remote.codec.w3c.W3CHttpResponseCodec.createException(W3CHttpResponseCodec.java:200)
at org.openqa.selenium.remote.codec.w3c.W3CHttpResponseCodec.decode(W3CHttpResponseCodec.java:133)
at org.openqa.selenium.remote.codec.w3c.W3CHttpResponseCodec.decode(W3CHttpResponseCodec.java:52)
at org.openqa.selenium.remote.HttpCommandExecutor.execute(HttpCommandExecutor.java:191)
at org.openqa.selenium.remote.service.DriverCommandExecutor.invokeExecute(DriverCommandExecutor.java:200)
at org.openqa.selenium.remote.service.DriverCommandExecutor.execute(DriverCommandExecutor.java:175)
at org.openqa.selenium.remote.RemoteWebDriver.execute(RemoteWebDriver.java:523)
at org.openqa.selenium.remote.RemoteWebDriver.execute(RemoteWebDriver.java:596)
at org.openqa.selenium.remote.RemoteWebDriver.execute(RemoteWebDriver.java:600)
at org.openqa.selenium.remote.RemoteWebDriver$RemoteWebDriverOptions$RemoteWindow.maximize(RemoteWebDriver.java:1039)
at testBase.BaseClass.setup(BaseClass.java:41)
... Removed 33 stack frames]]>
    </failure>
  </testcase> <!-- @BeforeTest setup -->
  <testcase classname="testBase.BaseClass" name="@AfterTest teardown" time="0.0">
    <skipped/>
  </testcase> <!-- @AfterTest teardown -->
  <testcase classname="testCases.TC_001_CourseraPage" name="check_survey_visibility" time="0.0">
    <skipped/>
  </testcase> <!-- check_survey_visibility -->
  <testcase classname="testCases.TC_001_CourseraPage" name="Verify_CourseraPage" time="0.0">
    <skipped/>
  </testcase> <!-- Verify_CourseraPage -->
  <testcase classname="testCases.TC_002_Courses" name="verify_SearchIcon" time="0.0">
    <skipped/>
  </testcase> <!-- verify_SearchIcon -->
  <testcase classname="testCases.TC_002_Courses" name="search_courses" time="0.0">
    <skipped/>
  </testcase> <!-- search_courses -->
  <testcase classname="testCases.TC_002_Courses" name="select_levels" time="0.0">
    <skipped/>
  </testcase> <!-- select_levels -->
  <testcase classname="testCases.TC_002_Courses" name="select_langs" time="0.0">
    <skipped/>
  </testcase> <!-- select_langs -->
  <testcase classname="testCases.TC_002_Courses" name="scrollUp" time="0.0">
    <skipped/>
  </testcase> <!-- scrollUp -->
  <testcase classname="testCases.TC_003_WebDevelopmentCourses" name="course_name" time="0.0">
    <skipped/>
  </testcase> <!-- course_name -->
  <testcase classname="testCases.TC_004_LanguageLearning" name="search_Language" time="0.0">
    <skipped/>
  </testcase> <!-- search_Language -->
  <testcase classname="testCases.TC_004_LanguageLearning" name="show_FirstCourses" time="0.0">
    <skipped/>
  </testcase> <!-- show_FirstCourses -->
  <testcase classname="testCases.TC_004_LanguageLearning" name="show_SecondCourses" time="0.0">
    <skipped/>
  </testcase> <!-- show_SecondCourses -->
  <testcase classname="testCases.TC_004_LanguageLearning" name="show_ThirdCourses" time="0.0">
    <skipped/>
  </testcase> <!-- show_ThirdCourses -->
  <testcase classname="testCases.TC_004_LanguageLearning" name="show_FourthCourses" time="0.0">
    <skipped/>
  </testcase> <!-- show_FourthCourses -->
  <testcase classname="testCases.TC_004_LanguageLearning" name="show_Courses" time="0.0">
    <skipped/>
  </testcase> <!-- show_Courses -->
  <testcase classname="testCases.TC_005_FormFilling" name="Enterprise" time="0.0">
    <skipped/>
  </testcase> <!-- Enterprise -->
  <testcase classname="testCases.TC_005_FormFilling" name="form" time="0.0">
    <skipped/>
  </testcase> <!-- form -->
  <testcase classname="testCases.TC_005_FormFilling" name="startfillingform" time="0.0">
    <skipped/>
  </testcase> <!-- startfillingform -->
  <testcase classname="testCases.TC_005_FormFilling" name="messageDisplay" time="0.0">
    <skipped/>
  </testcase> <!-- messageDisplay -->
  <testcase classname="testBase.BaseClass" name="@AfterTest teardown" time="0.0">
    <ignored/>
  </testcase> <!-- @AfterTest teardown -->
  <testcase classname="testBase.BaseClass" name="@AfterTest teardown" time="0.0">
    <ignored/>
  </testcase> <!-- @AfterTest teardown -->
  <testcase classname="testBase.BaseClass" name="@AfterTest teardown" time="0.0">
    <ignored/>
  </testcase> <!-- @AfterTest teardown -->
  <testcase classname="testBase.BaseClass" name="@BeforeTest setup" time="0.0">
    <ignored/>
  </testcase> <!-- @BeforeTest setup -->
  <testcase classname="testBase.BaseClass" name="@AfterTest teardown" time="0.0">
    <ignored/>
  </testcase> <!-- @AfterTest teardown -->
  <testcase classname="testBase.BaseClass" name="@BeforeTest setup" time="0.0">
    <ignored/>
  </testcase> <!-- @BeforeTest setup -->
  <testcase classname="testBase.BaseClass" name="@BeforeTest setup" time="0.0">
    <ignored/>
  </testcase> <!-- @BeforeTest setup -->
  <testcase classname="testBase.BaseClass" name="@BeforeTest setup" time="0.0">
    <ignored/>
  </testcase> <!-- @BeforeTest setup -->
</testsuite> <!-- Test -->
